<?xml version="1.0" encoding="UTF-8"?>
<!-- Generated by org.testng.reporters.JUnitXMLReporter -->
<testsuite hostname="DESKTOP-49V9N63" ignored="0" name="HybridFramework Test" tests="6" failures="1" timestamp="09 Aug 2020 04:45:43 GMT" time="105.428" errors="0">
  <testcase name="loginTest" time="6.175" classname="com.HybridFramework.TestCases.TC_LoginTest_001">
    <failure type="java.lang.AssertionError" message="expected [true] but found [false]">
      <![CDATA[java.lang.AssertionError: expected [true] but found [false]
at com.HybridFramework.TestCases.TC_LoginTest_001.loginTest(TC_LoginTest_001.java:38)
... Removed 29 stack frames]]>
    </failure>
  </testcase> <!-- loginTest -->
  <testcase name="LoginDDT" time="14.172" classname="com.HybridFramework.TestCases.TC_LoginDDT_002"/>
  <testcase name="LoginDDT" time="11.166" classname="com.HybridFramework.TestCases.TC_LoginDDT_002"/>
  <testcase name="LoginDDT" time="11.109" classname="com.HybridFramework.TestCases.TC_LoginDDT_002"/>
  <testcase name="LoginDDT" time="10.941" classname="com.HybridFramework.TestCases.TC_LoginDDT_002"/>
  <testcase name="AddNewCustomer" time="19.902" classname="com.HybridFramework.TestCases.TC_AddCustomerTest_003"/>
</testsuite> <!-- HybridFramework Test -->
